<?xml version="1.0" encoding="UTF-8"?>
<!-- Generated by org.testng.reporters.JUnitReportReporter -->
<testsuite skipped="0" hostname="LAPTOP-IHTQ3M8Q" name="page_object_module.WeatherDetailsTest" tests="1" failures="0" timestamp="13 Feb 2019 04:48:51 GMT" time="0.019" errors="0">
  <testcase name="f" time="0.019" classname="page_object_module.WeatherDetailsTest"/>
</testsuite> <!-- page_object_module.WeatherDetailsTest -->
